<?xml version="1.0" encoding="UTF-8"?>
<testsuite xmlns:xsi="http://www.w3.org/2001/XMLSchema-instance" xsi:noNamespaceSchemaLocation="https://maven.apache.org/surefire/maven-surefire-plugin/xsd/surefire-test-report.xsd" name="com.aceit.AceIt.AceItApplicationTests" time="1.352" tests="1" errors="0" skipped="0" failures="0">
  <properties>
    <property name="java.specification.version" value="17"/>
    <property name="sun.jnu.encoding" value="UTF-8"/>
    <property name="java.class.path" value="/Users/rajkumarkumaravelu/NetBeansProjects/web tools /project/AceIt/target/test-classes:/Users/rajkumarkumaravelu/NetBeansProjects/web tools /project/AceIt/target/classes:/Users/rajkumarkumaravelu/.m2/repository/org/springframework/boot/spring-boot-starter-web/3.0.6/spring-boot-starter-web-3.0.6.jar:/Users/rajkumarkumaravelu/.m2/repository/org/springframework/boot/spring-boot-starter/3.0.6/spring-boot-starter-3.0.6.jar:/Users/rajkumarkumaravelu/.m2/repository/org/springframework/boot/spring-boot/3.0.6/spring-boot-3.0.6.jar:/Users/rajkumarkumaravelu/.m2/repository/org/springframework/boot/spring-boot-autoconfigure/3.0.6/spring-boot-autoconfigure-3.0.6.jar:/Users/rajkumarkumaravelu/.m2/repository/org/springframework/boot/spring-boot-starter-logging/3.0.6/spring-boot-starter-logging-3.0.6.jar:/Users/rajkumarkumaravelu/.m2/repository/ch/qos/logback/logback-classic/1.4.7/logback-classic-1.4.7.jar:/Users/rajkumarkumaravelu/.m2/repository/ch/qos/logback/logback-core/1.4.7/logback-core-1.4.7.jar:/Users/rajkumarkumaravelu/.m2/repository/org/apache/logging/log4j/log4j-to-slf4j/2.19.0/log4j-to-slf4j-2.19.0.jar:/Users/rajkumarkumaravelu/.m2/repository/org/apache/logging/log4j/log4j-api/2.19.0/log4j-api-2.19.0.jar:/Users/rajkumarkumaravelu/.m2/repository/org/slf4j/jul-to-slf4j/2.0.7/jul-to-slf4j-2.0.7.jar:/Users/rajkumarkumaravelu/.m2/repository/jakarta/annotation/jakarta.annotation-api/2.1.1/jakarta.annotation-api-2.1.1.jar:/Users/rajkumarkumaravelu/.m2/repository/org/yaml/snakeyaml/1.33/snakeyaml-1.33.jar:/Users/rajkumarkumaravelu/.m2/repository/org/springframework/boot/spring-boot-starter-json/3.0.6/spring-boot-starter-json-3.0.6.jar:/Users/rajkumarkumaravelu/.m2/repository/com/fasterxml/jackson/core/jackson-databind/2.14.2/jackson-databind-2.14.2.jar:/Users/rajkumarkumaravelu/.m2/repository/com/fasterxml/jackson/core/jackson-annotations/2.14.2/jackson-annotations-2.14.2.jar:/Users/rajkumarkumaravelu/.m2/repository/com/fasterxml/jackson/core/jackson-core/2.14.2/jackson-core-2.14.2.jar:/Users/rajkumarkumaravelu/.m2/repository/com/fasterxml/jackson/datatype/jackson-datatype-jdk8/2.14.2/jackson-datatype-jdk8-2.14.2.jar:/Users/rajkumarkumaravelu/.m2/repository/com/fasterxml/jackson/datatype/jackson-datatype-jsr310/2.14.2/jackson-datatype-jsr310-2.14.2.jar:/Users/rajkumarkumaravelu/.m2/repository/com/fasterxml/jackson/module/jackson-module-parameter-names/2.14.2/jackson-module-parameter-names-2.14.2.jar:/Users/rajkumarkumaravelu/.m2/repository/org/springframework/boot/spring-boot-starter-tomcat/3.0.6/spring-boot-starter-tomcat-3.0.6.jar:/Users/rajkumarkumaravelu/.m2/repository/org/apache/tomcat/embed/tomcat-embed-websocket/10.1.8/tomcat-embed-websocket-10.1.8.jar:/Users/rajkumarkumaravelu/.m2/repository/org/springframework/spring-web/6.0.8/spring-web-6.0.8.jar:/Users/rajkumarkumaravelu/.m2/repository/org/springframework/spring-beans/6.0.8/spring-beans-6.0.8.jar:/Users/rajkumarkumaravelu/.m2/repository/io/micrometer/micrometer-observation/1.10.6/micrometer-observation-1.10.6.jar:/Users/rajkumarkumaravelu/.m2/repository/io/micrometer/micrometer-commons/1.10.6/micrometer-commons-1.10.6.jar:/Users/rajkumarkumaravelu/.m2/repository/org/springframework/spring-webmvc/6.0.8/spring-webmvc-6.0.8.jar:/Users/rajkumarkumaravelu/.m2/repository/org/springframework/spring-aop/6.0.8/spring-aop-6.0.8.jar:/Users/rajkumarkumaravelu/.m2/repository/org/springframework/spring-context/6.0.8/spring-context-6.0.8.jar:/Users/rajkumarkumaravelu/.m2/repository/org/springframework/spring-expression/6.0.8/spring-expression-6.0.8.jar:/Users/rajkumarkumaravelu/.m2/repository/org/springframework/boot/spring-boot-starter-test/3.0.6/spring-boot-starter-test-3.0.6.jar:/Users/rajkumarkumaravelu/.m2/repository/org/springframework/boot/spring-boot-test/3.0.6/spring-boot-test-3.0.6.jar:/Users/rajkumarkumaravelu/.m2/repository/org/springframework/boot/spring-boot-test-autoconfigure/3.0.6/spring-boot-test-autoconfigure-3.0.6.jar:/Users/rajkumarkumaravelu/.m2/repository/com/jayway/jsonpath/json-path/2.7.0/json-path-2.7.0.jar:/Users/rajkumarkumaravelu/.m2/repository/net/minidev/json-smart/2.4.10/json-smart-2.4.10.jar:/Users/rajkumarkumaravelu/.m2/repository/net/minidev/accessors-smart/2.4.9/accessors-smart-2.4.9.jar:/Users/rajkumarkumaravelu/.m2/repository/org/ow2/asm/asm/9.3/asm-9.3.jar:/Users/rajkumarkumaravelu/.m2/repository/org/slf4j/slf4j-api/2.0.7/slf4j-api-2.0.7.jar:/Users/rajkumarkumaravelu/.m2/repository/jakarta/xml/bind/jakarta.xml.bind-api/4.0.0/jakarta.xml.bind-api-4.0.0.jar:/Users/rajkumarkumaravelu/.m2/repository/jakarta/activation/jakarta.activation-api/2.1.1/jakarta.activation-api-2.1.1.jar:/Users/rajkumarkumaravelu/.m2/repository/org/assertj/assertj-core/3.23.1/assertj-core-3.23.1.jar:/Users/rajkumarkumaravelu/.m2/repository/org/hamcrest/hamcrest/2.2/hamcrest-2.2.jar:/Users/rajkumarkumaravelu/.m2/repository/org/junit/jupiter/junit-jupiter/5.9.2/junit-jupiter-5.9.2.jar:/Users/rajkumarkumaravelu/.m2/repository/org/junit/jupiter/junit-jupiter-api/5.9.2/junit-jupiter-api-5.9.2.jar:/Users/rajkumarkumaravelu/.m2/repository/org/opentest4j/opentest4j/1.2.0/opentest4j-1.2.0.jar:/Users/rajkumarkumaravelu/.m2/repository/org/junit/platform/junit-platform-commons/1.9.2/junit-platform-commons-1.9.2.jar:/Users/rajkumarkumaravelu/.m2/repository/org/apiguardian/apiguardian-api/1.1.2/apiguardian-api-1.1.2.jar:/Users/rajkumarkumaravelu/.m2/repository/org/junit/jupiter/junit-jupiter-params/5.9.2/junit-jupiter-params-5.9.2.jar:/Users/rajkumarkumaravelu/.m2/repository/org/junit/jupiter/junit-jupiter-engine/5.9.2/junit-jupiter-engine-5.9.2.jar:/Users/rajkumarkumaravelu/.m2/repository/org/junit/platform/junit-platform-engine/1.9.2/junit-platform-engine-1.9.2.jar:/Users/rajkumarkumaravelu/.m2/repository/org/mockito/mockito-core/4.8.1/mockito-core-4.8.1.jar:/Users/rajkumarkumaravelu/.m2/repository/net/bytebuddy/byte-buddy-agent/1.12.23/byte-buddy-agent-1.12.23.jar:/Users/rajkumarkumaravelu/.m2/repository/org/objenesis/objenesis/3.2/objenesis-3.2.jar:/Users/rajkumarkumaravelu/.m2/repository/org/mockito/mockito-junit-jupiter/4.8.1/mockito-junit-jupiter-4.8.1.jar:/Users/rajkumarkumaravelu/.m2/repository/org/skyscreamer/jsonassert/1.5.1/jsonassert-1.5.1.jar:/Users/rajkumarkumaravelu/.m2/repository/com/vaadin/external/google/android-json/0.0.20131108.vaadin1/android-json-0.0.20131108.vaadin1.jar:/Users/rajkumarkumaravelu/.m2/repository/org/springframework/spring-core/6.0.8/spring-core-6.0.8.jar:/Users/rajkumarkumaravelu/.m2/repository/org/springframework/spring-jcl/6.0.8/spring-jcl-6.0.8.jar:/Users/rajkumarkumaravelu/.m2/repository/org/springframework/spring-test/6.0.8/spring-test-6.0.8.jar:/Users/rajkumarkumaravelu/.m2/repository/org/xmlunit/xmlunit-core/2.9.1/xmlunit-core-2.9.1.jar:/Users/rajkumarkumaravelu/.m2/repository/org/apache/tomcat/embed/tomcat-embed-jasper/10.1.8/tomcat-embed-jasper-10.1.8.jar:/Users/rajkumarkumaravelu/.m2/repository/org/apache/tomcat/embed/tomcat-embed-core/10.1.8/tomcat-embed-core-10.1.8.jar:/Users/rajkumarkumaravelu/.m2/repository/org/apache/tomcat/tomcat-annotations-api/10.1.8/tomcat-annotations-api-10.1.8.jar:/Users/rajkumarkumaravelu/.m2/repository/org/apache/tomcat/embed/tomcat-embed-el/10.1.8/tomcat-embed-el-10.1.8.jar:/Users/rajkumarkumaravelu/.m2/repository/org/eclipse/jdt/ecj/3.33.0/ecj-3.33.0.jar:/Users/rajkumarkumaravelu/.m2/repository/org/hibernate/hibernate-core/5.4.33.Final/hibernate-core-5.4.33.Final.jar:/Users/rajkumarkumaravelu/.m2/repository/org/jboss/logging/jboss-logging/3.5.0.Final/jboss-logging-3.5.0.Final.jar:/Users/rajkumarkumaravelu/.m2/repository/javax/persistence/javax.persistence-api/2.2/javax.persistence-api-2.2.jar:/Users/rajkumarkumaravelu/.m2/repository/org/javassist/javassist/3.27.0-GA/javassist-3.27.0-GA.jar:/Users/rajkumarkumaravelu/.m2/repository/net/bytebuddy/byte-buddy/1.12.23/byte-buddy-1.12.23.jar:/Users/rajkumarkumaravelu/.m2/repository/antlr/antlr/2.7.7/antlr-2.7.7.jar:/Users/rajkumarkumaravelu/.m2/repository/org/jboss/spec/javax/transaction/jboss-transaction-api_1.2_spec/1.1.1.Final/jboss-transaction-api_1.2_spec-1.1.1.Final.jar:/Users/rajkumarkumaravelu/.m2/repository/org/jboss/jandex/2.2.3.Final/jandex-2.2.3.Final.jar:/Users/rajkumarkumaravelu/.m2/repository/com/fasterxml/classmate/1.5.1/classmate-1.5.1.jar:/Users/rajkumarkumaravelu/.m2/repository/javax/activation/javax.activation-api/1.2.0/javax.activation-api-1.2.0.jar:/Users/rajkumarkumaravelu/.m2/repository/org/dom4j/dom4j/2.1.3/dom4j-2.1.3.jar:/Users/rajkumarkumaravelu/.m2/repository/org/hibernate/common/hibernate-commons-annotations/5.1.2.Final/hibernate-commons-annotations-5.1.2.Final.jar:/Users/rajkumarkumaravelu/.m2/repository/javax/xml/bind/jaxb-api/2.3.1/jaxb-api-2.3.1.jar:/Users/rajkumarkumaravelu/.m2/repository/org/glassfish/jaxb/jaxb-runtime/4.0.2/jaxb-runtime-4.0.2.jar:/Users/rajkumarkumaravelu/.m2/repository/org/glassfish/jaxb/jaxb-core/4.0.2/jaxb-core-4.0.2.jar:/Users/rajkumarkumaravelu/.m2/repository/org/eclipse/angus/angus-activation/2.0.0/angus-activation-2.0.0.jar:/Users/rajkumarkumaravelu/.m2/repository/org/glassfish/jaxb/txw2/4.0.2/txw2-4.0.2.jar:/Users/rajkumarkumaravelu/.m2/repository/com/sun/istack/istack-commons-runtime/4.1.1/istack-commons-runtime-4.1.1.jar:/Users/rajkumarkumaravelu/.m2/repository/com/mysql/mysql-connector-j/8.0.32/mysql-connector-j-8.0.32.jar:/Users/rajkumarkumaravelu/.m2/repository/jakarta/servlet/jsp/jstl/jakarta.servlet.jsp.jstl-api/3.0.0/jakarta.servlet.jsp.jstl-api-3.0.0.jar:/Users/rajkumarkumaravelu/.m2/repository/jakarta/servlet/jakarta.servlet-api/6.0.0/jakarta.servlet-api-6.0.0.jar:/Users/rajkumarkumaravelu/.m2/repository/jakarta/el/jakarta.el-api/5.0.0/jakarta.el-api-5.0.0.jar:/Users/rajkumarkumaravelu/.m2/repository/org/glassfish/web/jakarta.servlet.jsp.jstl/3.0.0/jakarta.servlet.jsp.jstl-3.0.0.jar:/Users/rajkumarkumaravelu/.m2/repository/com/lowagie/itext/2.1.7/itext-2.1.7.jar:/Users/rajkumarkumaravelu/.m2/repository/bouncycastle/bcmail-jdk14/138/bcmail-jdk14-138.jar:/Users/rajkumarkumaravelu/.m2/repository/bouncycastle/bcprov-jdk14/138/bcprov-jdk14-138.jar:/Users/rajkumarkumaravelu/.m2/repository/org/bouncycastle/bctsp-jdk14/1.38/bctsp-jdk14-1.38.jar:/Users/rajkumarkumaravelu/.m2/repository/org/bouncycastle/bcprov-jdk14/1.38/bcprov-jdk14-1.38.jar:/Users/rajkumarkumaravelu/.m2/repository/org/bouncycastle/bcmail-jdk14/1.38/bcmail-jdk14-1.38.jar:"/>
    <property name="java.vm.vendor" value="Eclipse Adoptium"/>
    <property name="sun.arch.data.model" value="64"/>
    <property name="java.vendor.url" value="https://adoptium.net/"/>
    <property name="os.name" value="Mac OS X"/>
    <property name="java.vm.specification.version" value="17"/>
    <property name="sun.java.launcher" value="SUN_STANDARD"/>
    <property name="user.country" value="US"/>
    <property name="sun.boot.library.path" value="/Applications/SpringToolSuite4.app/Contents/Eclipse/plugins/org.eclipse.justj.openjdk.hotspot.jre.full.macosx.aarch64_17.0.6.v20230204-1729/jre/lib"/>
    <property name="sun.java.command" value="/Users/rajkumarkumaravelu/NetBeansProjects/web tools /project/AceIt/target/surefire/surefirebooter13222021525528728307.jar /Users/rajkumarkumaravelu/NetBeansProjects/web tools /project/AceIt/target/surefire 2023-04-28T18-17-40_540-jvmRun1 surefire16238181347534017904tmp surefire_03109401258292410374tmp"/>
    <property name="http.nonProxyHosts" value="local|*.local|169.254/16|*.169.254/16"/>
    <property name="jdk.debug" value="release"/>
    <property name="surefire.test.class.path" value="/Users/rajkumarkumaravelu/NetBeansProjects/web tools /project/AceIt/target/test-classes:/Users/rajkumarkumaravelu/NetBeansProjects/web tools /project/AceIt/target/classes:/Users/rajkumarkumaravelu/.m2/repository/org/springframework/boot/spring-boot-starter-web/3.0.6/spring-boot-starter-web-3.0.6.jar:/Users/rajkumarkumaravelu/.m2/repository/org/springframework/boot/spring-boot-starter/3.0.6/spring-boot-starter-3.0.6.jar:/Users/rajkumarkumaravelu/.m2/repository/org/springframework/boot/spring-boot/3.0.6/spring-boot-3.0.6.jar:/Users/rajkumarkumaravelu/.m2/repository/org/springframework/boot/spring-boot-autoconfigure/3.0.6/spring-boot-autoconfigure-3.0.6.jar:/Users/rajkumarkumaravelu/.m2/repository/org/springframework/boot/spring-boot-starter-logging/3.0.6/spring-boot-starter-logging-3.0.6.jar:/Users/rajkumarkumaravelu/.m2/repository/ch/qos/logback/logback-classic/1.4.7/logback-classic-1.4.7.jar:/Users/rajkumarkumaravelu/.m2/repository/ch/qos/logback/logback-core/1.4.7/logback-core-1.4.7.jar:/Users/rajkumarkumaravelu/.m2/repository/org/apache/logging/log4j/log4j-to-slf4j/2.19.0/log4j-to-slf4j-2.19.0.jar:/Users/rajkumarkumaravelu/.m2/repository/org/apache/logging/log4j/log4j-api/2.19.0/log4j-api-2.19.0.jar:/Users/rajkumarkumaravelu/.m2/repository/org/slf4j/jul-to-slf4j/2.0.7/jul-to-slf4j-2.0.7.jar:/Users/rajkumarkumaravelu/.m2/repository/jakarta/annotation/jakarta.annotation-api/2.1.1/jakarta.annotation-api-2.1.1.jar:/Users/rajkumarkumaravelu/.m2/repository/org/yaml/snakeyaml/1.33/snakeyaml-1.33.jar:/Users/rajkumarkumaravelu/.m2/repository/org/springframework/boot/spring-boot-starter-json/3.0.6/spring-boot-starter-json-3.0.6.jar:/Users/rajkumarkumaravelu/.m2/repository/com/fasterxml/jackson/core/jackson-databind/2.14.2/jackson-databind-2.14.2.jar:/Users/rajkumarkumaravelu/.m2/repository/com/fasterxml/jackson/core/jackson-annotations/2.14.2/jackson-annotations-2.14.2.jar:/Users/rajkumarkumaravelu/.m2/repository/com/fasterxml/jackson/core/jackson-core/2.14.2/jackson-core-2.14.2.jar:/Users/rajkumarkumaravelu/.m2/repository/com/fasterxml/jackson/datatype/jackson-datatype-jdk8/2.14.2/jackson-datatype-jdk8-2.14.2.jar:/Users/rajkumarkumaravelu/.m2/repository/com/fasterxml/jackson/datatype/jackson-datatype-jsr310/2.14.2/jackson-datatype-jsr310-2.14.2.jar:/Users/rajkumarkumaravelu/.m2/repository/com/fasterxml/jackson/module/jackson-module-parameter-names/2.14.2/jackson-module-parameter-names-2.14.2.jar:/Users/rajkumarkumaravelu/.m2/repository/org/springframework/boot/spring-boot-starter-tomcat/3.0.6/spring-boot-starter-tomcat-3.0.6.jar:/Users/rajkumarkumaravelu/.m2/repository/org/apache/tomcat/embed/tomcat-embed-websocket/10.1.8/tomcat-embed-websocket-10.1.8.jar:/Users/rajkumarkumaravelu/.m2/repository/org/springframework/spring-web/6.0.8/spring-web-6.0.8.jar:/Users/rajkumarkumaravelu/.m2/repository/org/springframework/spring-beans/6.0.8/spring-beans-6.0.8.jar:/Users/rajkumarkumaravelu/.m2/repository/io/micrometer/micrometer-observation/1.10.6/micrometer-observation-1.10.6.jar:/Users/rajkumarkumaravelu/.m2/repository/io/micrometer/micrometer-commons/1.10.6/micrometer-commons-1.10.6.jar:/Users/rajkumarkumaravelu/.m2/repository/org/springframework/spring-webmvc/6.0.8/spring-webmvc-6.0.8.jar:/Users/rajkumarkumaravelu/.m2/repository/org/springframework/spring-aop/6.0.8/spring-aop-6.0.8.jar:/Users/rajkumarkumaravelu/.m2/repository/org/springframework/spring-context/6.0.8/spring-context-6.0.8.jar:/Users/rajkumarkumaravelu/.m2/repository/org/springframework/spring-expression/6.0.8/spring-expression-6.0.8.jar:/Users/rajkumarkumaravelu/.m2/repository/org/springframework/boot/spring-boot-starter-test/3.0.6/spring-boot-starter-test-3.0.6.jar:/Users/rajkumarkumaravelu/.m2/repository/org/springframework/boot/spring-boot-test/3.0.6/spring-boot-test-3.0.6.jar:/Users/rajkumarkumaravelu/.m2/repository/org/springframework/boot/spring-boot-test-autoconfigure/3.0.6/spring-boot-test-autoconfigure-3.0.6.jar:/Users/rajkumarkumaravelu/.m2/repository/com/jayway/jsonpath/json-path/2.7.0/json-path-2.7.0.jar:/Users/rajkumarkumaravelu/.m2/repository/net/minidev/json-smart/2.4.10/json-smart-2.4.10.jar:/Users/rajkumarkumaravelu/.m2/repository/net/minidev/accessors-smart/2.4.9/accessors-smart-2.4.9.jar:/Users/rajkumarkumaravelu/.m2/repository/org/ow2/asm/asm/9.3/asm-9.3.jar:/Users/rajkumarkumaravelu/.m2/repository/org/slf4j/slf4j-api/2.0.7/slf4j-api-2.0.7.jar:/Users/rajkumarkumaravelu/.m2/repository/jakarta/xml/bind/jakarta.xml.bind-api/4.0.0/jakarta.xml.bind-api-4.0.0.jar:/Users/rajkumarkumaravelu/.m2/repository/jakarta/activation/jakarta.activation-api/2.1.1/jakarta.activation-api-2.1.1.jar:/Users/rajkumarkumaravelu/.m2/repository/org/assertj/assertj-core/3.23.1/assertj-core-3.23.1.jar:/Users/rajkumarkumaravelu/.m2/repository/org/hamcrest/hamcrest/2.2/hamcrest-2.2.jar:/Users/rajkumarkumaravelu/.m2/repository/org/junit/jupiter/junit-jupiter/5.9.2/junit-jupiter-5.9.2.jar:/Users/rajkumarkumaravelu/.m2/repository/org/junit/jupiter/junit-jupiter-api/5.9.2/junit-jupiter-api-5.9.2.jar:/Users/rajkumarkumaravelu/.m2/repository/org/opentest4j/opentest4j/1.2.0/opentest4j-1.2.0.jar:/Users/rajkumarkumaravelu/.m2/repository/org/junit/platform/junit-platform-commons/1.9.2/junit-platform-commons-1.9.2.jar:/Users/rajkumarkumaravelu/.m2/repository/org/apiguardian/apiguardian-api/1.1.2/apiguardian-api-1.1.2.jar:/Users/rajkumarkumaravelu/.m2/repository/org/junit/jupiter/junit-jupiter-params/5.9.2/junit-jupiter-params-5.9.2.jar:/Users/rajkumarkumaravelu/.m2/repository/org/junit/jupiter/junit-jupiter-engine/5.9.2/junit-jupiter-engine-5.9.2.jar:/Users/rajkumarkumaravelu/.m2/repository/org/junit/platform/junit-platform-engine/1.9.2/junit-platform-engine-1.9.2.jar:/Users/rajkumarkumaravelu/.m2/repository/org/mockito/mockito-core/4.8.1/mockito-core-4.8.1.jar:/Users/rajkumarkumaravelu/.m2/repository/net/bytebuddy/byte-buddy-agent/1.12.23/byte-buddy-agent-1.12.23.jar:/Users/rajkumarkumaravelu/.m2/repository/org/objenesis/objenesis/3.2/objenesis-3.2.jar:/Users/rajkumarkumaravelu/.m2/repository/org/mockito/mockito-junit-jupiter/4.8.1/mockito-junit-jupiter-4.8.1.jar:/Users/rajkumarkumaravelu/.m2/repository/org/skyscreamer/jsonassert/1.5.1/jsonassert-1.5.1.jar:/Users/rajkumarkumaravelu/.m2/repository/com/vaadin/external/google/android-json/0.0.20131108.vaadin1/android-json-0.0.20131108.vaadin1.jar:/Users/rajkumarkumaravelu/.m2/repository/org/springframework/spring-core/6.0.8/spring-core-6.0.8.jar:/Users/rajkumarkumaravelu/.m2/repository/org/springframework/spring-jcl/6.0.8/spring-jcl-6.0.8.jar:/Users/rajkumarkumaravelu/.m2/repository/org/springframework/spring-test/6.0.8/spring-test-6.0.8.jar:/Users/rajkumarkumaravelu/.m2/repository/org/xmlunit/xmlunit-core/2.9.1/xmlunit-core-2.9.1.jar:/Users/rajkumarkumaravelu/.m2/repository/org/apache/tomcat/embed/tomcat-embed-jasper/10.1.8/tomcat-embed-jasper-10.1.8.jar:/Users/rajkumarkumaravelu/.m2/repository/org/apache/tomcat/embed/tomcat-embed-core/10.1.8/tomcat-embed-core-10.1.8.jar:/Users/rajkumarkumaravelu/.m2/repository/org/apache/tomcat/tomcat-annotations-api/10.1.8/tomcat-annotations-api-10.1.8.jar:/Users/rajkumarkumaravelu/.m2/repository/org/apache/tomcat/embed/tomcat-embed-el/10.1.8/tomcat-embed-el-10.1.8.jar:/Users/rajkumarkumaravelu/.m2/repository/org/eclipse/jdt/ecj/3.33.0/ecj-3.33.0.jar:/Users/rajkumarkumaravelu/.m2/repository/org/hibernate/hibernate-core/5.4.33.Final/hibernate-core-5.4.33.Final.jar:/Users/rajkumarkumaravelu/.m2/repository/org/jboss/logging/jboss-logging/3.5.0.Final/jboss-logging-3.5.0.Final.jar:/Users/rajkumarkumaravelu/.m2/repository/javax/persistence/javax.persistence-api/2.2/javax.persistence-api-2.2.jar:/Users/rajkumarkumaravelu/.m2/repository/org/javassist/javassist/3.27.0-GA/javassist-3.27.0-GA.jar:/Users/rajkumarkumaravelu/.m2/repository/net/bytebuddy/byte-buddy/1.12.23/byte-buddy-1.12.23.jar:/Users/rajkumarkumaravelu/.m2/repository/antlr/antlr/2.7.7/antlr-2.7.7.jar:/Users/rajkumarkumaravelu/.m2/repository/org/jboss/spec/javax/transaction/jboss-transaction-api_1.2_spec/1.1.1.Final/jboss-transaction-api_1.2_spec-1.1.1.Final.jar:/Users/rajkumarkumaravelu/.m2/repository/org/jboss/jandex/2.2.3.Final/jandex-2.2.3.Final.jar:/Users/rajkumarkumaravelu/.m2/repository/com/fasterxml/classmate/1.5.1/classmate-1.5.1.jar:/Users/rajkumarkumaravelu/.m2/repository/javax/activation/javax.activation-api/1.2.0/javax.activation-api-1.2.0.jar:/Users/rajkumarkumaravelu/.m2/repository/org/dom4j/dom4j/2.1.3/dom4j-2.1.3.jar:/Users/rajkumarkumaravelu/.m2/repository/org/hibernate/common/hibernate-commons-annotations/5.1.2.Final/hibernate-commons-annotations-5.1.2.Final.jar:/Users/rajkumarkumaravelu/.m2/repository/javax/xml/bind/jaxb-api/2.3.1/jaxb-api-2.3.1.jar:/Users/rajkumarkumaravelu/.m2/repository/org/glassfish/jaxb/jaxb-runtime/4.0.2/jaxb-runtime-4.0.2.jar:/Users/rajkumarkumaravelu/.m2/repository/org/glassfish/jaxb/jaxb-core/4.0.2/jaxb-core-4.0.2.jar:/Users/rajkumarkumaravelu/.m2/repository/org/eclipse/angus/angus-activation/2.0.0/angus-activation-2.0.0.jar:/Users/rajkumarkumaravelu/.m2/repository/org/glassfish/jaxb/txw2/4.0.2/txw2-4.0.2.jar:/Users/rajkumarkumaravelu/.m2/repository/com/sun/istack/istack-commons-runtime/4.1.1/istack-commons-runtime-4.1.1.jar:/Users/rajkumarkumaravelu/.m2/repository/com/mysql/mysql-connector-j/8.0.32/mysql-connector-j-8.0.32.jar:/Users/rajkumarkumaravelu/.m2/repository/jakarta/servlet/jsp/jstl/jakarta.servlet.jsp.jstl-api/3.0.0/jakarta.servlet.jsp.jstl-api-3.0.0.jar:/Users/rajkumarkumaravelu/.m2/repository/jakarta/servlet/jakarta.servlet-api/6.0.0/jakarta.servlet-api-6.0.0.jar:/Users/rajkumarkumaravelu/.m2/repository/jakarta/el/jakarta.el-api/5.0.0/jakarta.el-api-5.0.0.jar:/Users/rajkumarkumaravelu/.m2/repository/org/glassfish/web/jakarta.servlet.jsp.jstl/3.0.0/jakarta.servlet.jsp.jstl-3.0.0.jar:/Users/rajkumarkumaravelu/.m2/repository/com/lowagie/itext/2.1.7/itext-2.1.7.jar:/Users/rajkumarkumaravelu/.m2/repository/bouncycastle/bcmail-jdk14/138/bcmail-jdk14-138.jar:/Users/rajkumarkumaravelu/.m2/repository/bouncycastle/bcprov-jdk14/138/bcprov-jdk14-138.jar:/Users/rajkumarkumaravelu/.m2/repository/org/bouncycastle/bctsp-jdk14/1.38/bctsp-jdk14-1.38.jar:/Users/rajkumarkumaravelu/.m2/repository/org/bouncycastle/bcprov-jdk14/1.38/bcprov-jdk14-1.38.jar:/Users/rajkumarkumaravelu/.m2/repository/org/bouncycastle/bcmail-jdk14/1.38/bcmail-jdk14-1.38.jar:"/>
    <property name="sun.cpu.endian" value="little"/>
    <property name="user.home" value="/Users/rajkumarkumaravelu"/>
    <property name="user.language" value="en"/>
    <property name="java.specification.vendor" value="Oracle Corporation"/>
    <property name="java.version.date" value="2023-01-17"/>
    <property name="java.home" value="/Applications/SpringToolSuite4.app/Contents/Eclipse/plugins/org.eclipse.justj.openjdk.hotspot.jre.full.macosx.aarch64_17.0.6.v20230204-1729/jre"/>
    <property name="file.separator" value="/"/>
    <property name="style.color" value="always"/>
    <property name="basedir" value="/Users/rajkumarkumaravelu/NetBeansProjects/web tools /project/AceIt"/>
    <property name="java.vm.compressedOopsMode" value="Zero based"/>
    <property name="line.separator" value="&#10;"/>
    <property name="java.vm.specification.vendor" value="Oracle Corporation"/>
    <property name="java.specification.name" value="Java Platform API Specification"/>
    <property name="surefire.real.class.path" value="/Users/rajkumarkumaravelu/NetBeansProjects/web tools /project/AceIt/target/surefire/surefirebooter13222021525528728307.jar"/>
    <property name="sun.management.compiler" value="HotSpot 64-Bit Tiered Compilers"/>
    <property name="ftp.nonProxyHosts" value="local|*.local|169.254/16|*.169.254/16"/>
    <property name="java.runtime.version" value="17.0.6+10"/>
    <property name="user.name" value="rajkumarkumaravelu"/>
    <property name="path.separator" value=":"/>
    <property name="os.version" value="13.2"/>
    <property name="java.runtime.name" value="OpenJDK Runtime Environment"/>
    <property name="file.encoding" value="UTF-8"/>
    <property name="java.vm.name" value="OpenJDK 64-Bit Server VM"/>
    <property name="java.vendor.version" value="Temurin-17.0.6+10"/>
    <property name="localRepository" value="/Users/rajkumarkumaravelu/.m2/repository"/>
    <property name="java.vendor.url.bug" value="https://github.com/adoptium/adoptium-support/issues"/>
    <property name="java.io.tmpdir" value="/var/folders/j1/ybvfhzqx15bcbdy_g16p7lfw0000gn/T/"/>
    <property name="java.version" value="17.0.6"/>
    <property name="user.dir" value="/Users/rajkumarkumaravelu/NetBeansProjects/web tools /project/AceIt"/>
    <property name="os.arch" value="aarch64"/>
    <property name="java.vm.specification.name" value="Java Virtual Machine Specification"/>
    <property name="native.encoding" value="UTF-8"/>
    <property name="java.library.path" value="/Users/rajkumarkumaravelu/Library/Java/Extensions:/Library/Java/Extensions:/Network/Library/Java/Extensions:/System/Library/Java/Extensions:/usr/lib/java:."/>
    <property name="java.vm.info" value="mixed mode"/>
    <property name="java.vendor" value="Eclipse Adoptium"/>
    <property name="java.vm.version" value="17.0.6+10"/>
    <property name="sun.io.unicode.encoding" value="UnicodeBig"/>
    <property name="socksNonProxyHosts" value="local|*.local|169.254/16|*.169.254/16"/>
    <property name="java.class.version" value="61.0"/>
  </properties>
  <testcase name="contextLoads" classname="com.aceit.AceIt.AceItApplicationTests" time="0.061"/>
</testsuite>